c:\natnetsdk\samples\sampleclient3d\debug\vc140.pdb
c:\natnetsdk\samples\sampleclient3d\debug\vc140.idb
c:\natnetsdk\samples\sampleclient3d\debug\glprint.obj
c:\natnetsdk\samples\sampleclient3d\debug\markerpositioncollection.obj
c:\natnetsdk\samples\sampleclient3d\debug\natutils.obj
c:\natnetsdk\samples\sampleclient3d\debug\opengldrawingfunctions.obj
c:\natnetsdk\samples\sampleclient3d\debug\rigidbodycollection.obj
c:\natnetsdk\samples\sampleclient3d\debug\sampleclient3d.obj
c:\natnetsdk\samples\sampleclient3d\debug\sampleclient3d.res
c:\natnetsdk\samples\\bin\sampleclient3d.pdb
c:\natnetsdk\samples\sampleclient3d\debug\sampleclient3d.tlog\cl.command.1.tlog
c:\natnetsdk\samples\sampleclient3d\debug\sampleclient3d.tlog\cl.read.1.tlog
c:\natnetsdk\samples\sampleclient3d\debug\sampleclient3d.tlog\cl.write.1.tlog
c:\natnetsdk\samples\sampleclient3d\debug\sampleclient3d.tlog\link-cvtres.read.1.tlog
c:\natnetsdk\samples\sampleclient3d\debug\sampleclient3d.tlog\link-cvtres.write.1.tlog
c:\natnetsdk\samples\sampleclient3d\debug\sampleclient3d.tlog\link-rc.read.1.tlog
c:\natnetsdk\samples\sampleclient3d\debug\sampleclient3d.tlog\link-rc.write.1.tlog
c:\natnetsdk\samples\sampleclient3d\debug\sampleclient3d.tlog\link.command.1.tlog
c:\natnetsdk\samples\sampleclient3d\debug\sampleclient3d.tlog\link.read.1.tlog
c:\natnetsdk\samples\sampleclient3d\debug\sampleclient3d.tlog\link.write.1.tlog
c:\natnetsdk\samples\sampleclient3d\debug\sampleclient3d.tlog\rc.command.1.tlog
c:\natnetsdk\samples\sampleclient3d\debug\sampleclient3d.tlog\rc.read.1.tlog
c:\natnetsdk\samples\sampleclient3d\debug\sampleclient3d.tlog\rc.write.1.tlog
