  NATUtils.cpp
c:\natnetsdk\samples\sampleclient3d\natutils.cpp(148): warning C4996: 'gethostbyname': Use getaddrinfo() or GetAddrInfoW() instead or define _WINSOCK_DEPRECATED_NO_WARNINGS to disable deprecated API warnings
  c:\program files (x86)\windows kits\8.1\include\um\winsock2.h(2238): note: see declaration of 'gethostbyname'
  SimpleServer.cpp
c:\natnetsdk\samples\simpleserver\simpleserver.cpp(281): warning C4267: '=': conversion from 'size_t' to 'unsigned short', possible loss of data
  Generating Code...
NATUtils.obj : warning LNK4075: ignoring '/EDITANDCONTINUE' due to '/SAFESEH' specification
  
  Searching libraries
      Searching C:\NatNetSDK\lib\NatNetLibStatic.lib:
      Searching C:\Program Files (x86)\Windows Kits\8.1\lib\winv6.3\um\x86\ws2_32.lib:
      Searching C:\Program Files (x86)\Windows Kits\8.1\lib\winv6.3\um\x86\winmm.lib:
      Searching C:\Program Files (x86)\Windows Kits\8.1\lib\winv6.3\um\x86\kernel32.lib:
      Searching C:\Program Files (x86)\Windows Kits\8.1\lib\winv6.3\um\x86\user32.lib:
      Searching C:\Program Files (x86)\Windows Kits\8.1\lib\winv6.3\um\x86\gdi32.lib:
      Searching C:\Program Files (x86)\Windows Kits\8.1\lib\winv6.3\um\x86\winspool.lib:
      Searching C:\Program Files (x86)\Windows Kits\8.1\lib\winv6.3\um\x86\comdlg32.lib:
      Searching C:\Program Files (x86)\Windows Kits\8.1\lib\winv6.3\um\x86\advapi32.lib:
      Searching C:\Program Files (x86)\Windows Kits\8.1\lib\winv6.3\um\x86\shell32.lib:
      Searching C:\Program Files (x86)\Windows Kits\8.1\lib\winv6.3\um\x86\ole32.lib:
      Searching C:\Program Files (x86)\Windows Kits\8.1\lib\winv6.3\um\x86\oleaut32.lib:
      Searching C:\Program Files (x86)\Windows Kits\8.1\lib\winv6.3\um\x86\uuid.lib:
      Searching C:\Program Files (x86)\Windows Kits\8.1\lib\winv6.3\um\x86\odbc32.lib:
      Searching C:\Program Files (x86)\Windows Kits\8.1\lib\winv6.3\um\x86\odbccp32.lib:
      Searching C:\Program Files (x86)\Windows Kits\8.1\lib\winv6.3\um\x86\IPHLPAPI.lib:
      Searching C:\Program Files (x86)\Microsoft Visual Studio 14.0\VC\lib\MSVCRTD.lib:
      Searching C:\Program Files (x86)\Microsoft Visual Studio 14.0\VC\lib\OLDNAMES.lib:
      Searching C:\Program Files (x86)\Microsoft Visual Studio 14.0\VC\lib\msvcprt.lib:
      Searching C:\Program Files (x86)\Microsoft Visual Studio 14.0\VC\lib\MSVCRT.lib:
      Searching C:\Program Files (x86)\Microsoft Visual Studio 14.0\VC\lib\vcruntimed.lib:
      Searching C:\Program Files (x86)\Windows Kits\10\lib\10.0.10240.0\ucrt\x86\ucrtd.lib:
      Searching C:\NatNetSDK\lib\NatNetLibStatic.lib:
      Searching C:\Program Files (x86)\Windows Kits\8.1\lib\winv6.3\um\x86\ws2_32.lib:
      Searching C:\Program Files (x86)\Windows Kits\8.1\lib\winv6.3\um\x86\winmm.lib:
      Searching C:\Program Files (x86)\Windows Kits\8.1\lib\winv6.3\um\x86\kernel32.lib:
      Searching C:\Program Files (x86)\Windows Kits\8.1\lib\winv6.3\um\x86\user32.lib:
      Searching C:\Program Files (x86)\Windows Kits\8.1\lib\winv6.3\um\x86\gdi32.lib:
      Searching C:\Program Files (x86)\Windows Kits\8.1\lib\winv6.3\um\x86\winspool.lib:
      Searching C:\Program Files (x86)\Windows Kits\8.1\lib\winv6.3\um\x86\comdlg32.lib:
      Searching C:\Program Files (x86)\Windows Kits\8.1\lib\winv6.3\um\x86\advapi32.lib:
      Searching C:\Program Files (x86)\Windows Kits\8.1\lib\winv6.3\um\x86\shell32.lib:
      Searching C:\Program Files (x86)\Windows Kits\8.1\lib\winv6.3\um\x86\ole32.lib:
      Searching C:\Program Files (x86)\Windows Kits\8.1\lib\winv6.3\um\x86\oleaut32.lib:
      Searching C:\Program Files (x86)\Windows Kits\8.1\lib\winv6.3\um\x86\uuid.lib:
      Searching C:\Program Files (x86)\Windows Kits\8.1\lib\winv6.3\um\x86\odbc32.lib:
      Searching C:\Program Files (x86)\Windows Kits\8.1\lib\winv6.3\um\x86\odbccp32.lib:
      Searching C:\Program Files (x86)\Windows Kits\8.1\lib\winv6.3\um\x86\IPHLPAPI.lib:
      Searching C:\Program Files (x86)\Microsoft Visual Studio 14.0\VC\lib\MSVCRTD.lib:
      Searching C:\Program Files (x86)\Microsoft Visual Studio 14.0\VC\lib\OLDNAMES.lib:
      Searching C:\Program Files (x86)\Microsoft Visual Studio 14.0\VC\lib\msvcprt.lib:
      Searching C:\Program Files (x86)\Microsoft Visual Studio 14.0\VC\lib\MSVCRT.lib:
      Searching C:\Program Files (x86)\Microsoft Visual Studio 14.0\VC\lib\vcruntimed.lib:
  
  Finished searching libraries
LINK : warning LNK4098: defaultlib 'MSVCRT' conflicts with use of other libs; use /NODEFAULTLIB:library
  
  Searching libraries
      Searching C:\NatNetSDK\lib\NatNetLibStatic.lib:
      Searching C:\Program Files (x86)\Windows Kits\8.1\lib\winv6.3\um\x86\ws2_32.lib:
      Searching C:\Program Files (x86)\Windows Kits\8.1\lib\winv6.3\um\x86\winmm.lib:
      Searching C:\Program Files (x86)\Windows Kits\8.1\lib\winv6.3\um\x86\kernel32.lib:
      Searching C:\Program Files (x86)\Windows Kits\8.1\lib\winv6.3\um\x86\user32.lib:
      Searching C:\Program Files (x86)\Windows Kits\8.1\lib\winv6.3\um\x86\gdi32.lib:
      Searching C:\Program Files (x86)\Windows Kits\8.1\lib\winv6.3\um\x86\winspool.lib:
      Searching C:\Program Files (x86)\Windows Kits\8.1\lib\winv6.3\um\x86\comdlg32.lib:
      Searching C:\Program Files (x86)\Windows Kits\8.1\lib\winv6.3\um\x86\advapi32.lib:
      Searching C:\Program Files (x86)\Windows Kits\8.1\lib\winv6.3\um\x86\shell32.lib:
      Searching C:\Program Files (x86)\Windows Kits\8.1\lib\winv6.3\um\x86\ole32.lib:
      Searching C:\Program Files (x86)\Windows Kits\8.1\lib\winv6.3\um\x86\oleaut32.lib:
      Searching C:\Program Files (x86)\Windows Kits\8.1\lib\winv6.3\um\x86\uuid.lib:
      Searching C:\Program Files (x86)\Windows Kits\8.1\lib\winv6.3\um\x86\odbc32.lib:
      Searching C:\Program Files (x86)\Windows Kits\8.1\lib\winv6.3\um\x86\odbccp32.lib:
      Searching C:\Program Files (x86)\Windows Kits\8.1\lib\winv6.3\um\x86\IPHLPAPI.lib:
      Searching C:\Program Files (x86)\Microsoft Visual Studio 14.0\VC\lib\MSVCRTD.lib:
      Searching C:\Program Files (x86)\Microsoft Visual Studio 14.0\VC\lib\OLDNAMES.lib:
      Searching C:\Program Files (x86)\Microsoft Visual Studio 14.0\VC\lib\msvcprt.lib:
      Searching C:\Program Files (x86)\Microsoft Visual Studio 14.0\VC\lib\MSVCRT.lib:
      Searching C:\Program Files (x86)\Microsoft Visual Studio 14.0\VC\lib\vcruntimed.lib:
      Searching C:\Program Files (x86)\Windows Kits\10\lib\10.0.10240.0\ucrt\x86\ucrtd.lib:
  
  Finished searching libraries
  
  Searching libraries
      Searching C:\NatNetSDK\lib\NatNetLibStatic.lib:
      Searching C:\Program Files (x86)\Windows Kits\8.1\lib\winv6.3\um\x86\ws2_32.lib:
      Searching C:\Program Files (x86)\Windows Kits\8.1\lib\winv6.3\um\x86\winmm.lib:
      Searching C:\Program Files (x86)\Windows Kits\8.1\lib\winv6.3\um\x86\kernel32.lib:
      Searching C:\Program Files (x86)\Windows Kits\8.1\lib\winv6.3\um\x86\user32.lib:
      Searching C:\Program Files (x86)\Windows Kits\8.1\lib\winv6.3\um\x86\gdi32.lib:
      Searching C:\Program Files (x86)\Windows Kits\8.1\lib\winv6.3\um\x86\winspool.lib:
      Searching C:\Program Files (x86)\Windows Kits\8.1\lib\winv6.3\um\x86\comdlg32.lib:
      Searching C:\Program Files (x86)\Windows Kits\8.1\lib\winv6.3\um\x86\advapi32.lib:
      Searching C:\Program Files (x86)\Windows Kits\8.1\lib\winv6.3\um\x86\shell32.lib:
      Searching C:\Program Files (x86)\Windows Kits\8.1\lib\winv6.3\um\x86\ole32.lib:
      Searching C:\Program Files (x86)\Windows Kits\8.1\lib\winv6.3\um\x86\oleaut32.lib:
      Searching C:\Program Files (x86)\Windows Kits\8.1\lib\winv6.3\um\x86\uuid.lib:
      Searching C:\Program Files (x86)\Windows Kits\8.1\lib\winv6.3\um\x86\odbc32.lib:
      Searching C:\Program Files (x86)\Windows Kits\8.1\lib\winv6.3\um\x86\odbccp32.lib:
      Searching C:\Program Files (x86)\Windows Kits\8.1\lib\winv6.3\um\x86\IPHLPAPI.lib:
      Searching C:\Program Files (x86)\Microsoft Visual Studio 14.0\VC\lib\MSVCRTD.lib:
      Searching C:\Program Files (x86)\Microsoft Visual Studio 14.0\VC\lib\OLDNAMES.lib:
      Searching C:\Program Files (x86)\Microsoft Visual Studio 14.0\VC\lib\msvcprt.lib:
      Searching C:\Program Files (x86)\Microsoft Visual Studio 14.0\VC\lib\MSVCRT.lib:
      Searching C:\Program Files (x86)\Microsoft Visual Studio 14.0\VC\lib\vcruntimed.lib:
      Searching C:\Program Files (x86)\Windows Kits\10\lib\10.0.10240.0\ucrt\x86\ucrtd.lib:
      Searching C:\NatNetSDK\lib\NatNetLibStatic.lib:
      Searching C:\Program Files (x86)\Windows Kits\8.1\lib\winv6.3\um\x86\ws2_32.lib:
      Searching C:\Program Files (x86)\Windows Kits\8.1\lib\winv6.3\um\x86\winmm.lib:
      Searching C:\Program Files (x86)\Windows Kits\8.1\lib\winv6.3\um\x86\kernel32.lib:
      Searching C:\Program Files (x86)\Windows Kits\8.1\lib\winv6.3\um\x86\user32.lib:
      Searching C:\Program Files (x86)\Windows Kits\8.1\lib\winv6.3\um\x86\gdi32.lib:
      Searching C:\Program Files (x86)\Windows Kits\8.1\lib\winv6.3\um\x86\winspool.lib:
      Searching C:\Program Files (x86)\Windows Kits\8.1\lib\winv6.3\um\x86\comdlg32.lib:
      Searching C:\Program Files (x86)\Windows Kits\8.1\lib\winv6.3\um\x86\advapi32.lib:
      Searching C:\Program Files (x86)\Windows Kits\8.1\lib\winv6.3\um\x86\shell32.lib:
      Searching C:\Program Files (x86)\Windows Kits\8.1\lib\winv6.3\um\x86\ole32.lib:
      Searching C:\Program Files (x86)\Windows Kits\8.1\lib\winv6.3\um\x86\oleaut32.lib:
      Searching C:\Program Files (x86)\Windows Kits\8.1\lib\winv6.3\um\x86\uuid.lib:
      Searching C:\Program Files (x86)\Windows Kits\8.1\lib\winv6.3\um\x86\odbc32.lib:
      Searching C:\Program Files (x86)\Windows Kits\8.1\lib\winv6.3\um\x86\odbccp32.lib:
      Searching C:\Program Files (x86)\Windows Kits\8.1\lib\winv6.3\um\x86\IPHLPAPI.lib:
  
  Finished searching libraries
NatNetLibStatic.lib(ServerCore.obj) : warning LNK4217: locally defined symbol _sprintf imported in function "public: int __thiscall ServerCore::GetSocketInfo(char *,int *,char *,int *,char *,int *)" (?GetSocketInfo@ServerCore@@QAEHPADPAH0101@Z)
NatNetLibStatic.lib(UnicastServerCore.obj) : warning LNK4049: locally defined symbol _sprintf imported
NatNetLibStatic.lib(NatNetHelper.obj) : warning LNK4217: locally defined symbol _sprintf imported in function "public: static void __cdecl NatNetHelper::GetSocketError(int,char *)" (?GetSocketError@NatNetHelper@@SAXHPAD@Z)
NatNetLibStatic.lib(UnicastServerCore.obj) : warning LNK4217: locally defined symbol ??1exception@std@@UAE@XZ (public: virtual __thiscall std::exception::~exception(void)) imported in function "public: virtual __thiscall std::bad_alloc::~bad_alloc(void)" (??1bad_alloc@std@@UAE@XZ)
NatNetLibStatic.lib(UnicastServerCore.obj) : warning LNK4217: locally defined symbol ??0exception@std@@QAE@ABV01@@Z (public: __thiscall std::exception::exception(class std::exception const &)) imported in function "public: __thiscall std::bad_alloc::bad_alloc(class std::bad_alloc const &)" (??0bad_alloc@std@@QAE@ABV01@@Z)
NatNetLibStatic.lib(UnicastServerCore.obj) : error LNK2019: unresolved external symbol "__declspec(dllimport) public: __thiscall std::exception::exception(char const * const &)" (__imp_??0exception@std@@QAE@ABQBD@Z) referenced in function "public: __thiscall std::bad_alloc::bad_alloc(char const *)" (??0bad_alloc@std@@QAE@PBD@Z)
NatNetLibStatic.lib(NatNetHelper.obj) : error LNK2019: unresolved external symbol __imp__sscanf referenced in function "public: static int __cdecl NatNetHelper::IPAddress_StringToLong(char *,unsigned long *)" (?IPAddress_StringToLong@NatNetHelper@@SAHPADPAK@Z)
NatNetLibStatic.lib(NatNetHelper.obj) : error LNK2019: unresolved external symbol __imp__sprintf_s referenced in function "public: static bool __cdecl NatNetHelper::TimecodeStringify(unsigned int,unsigned int,char *,int)" (?TimecodeStringify@NatNetHelper@@SA_NIIPADH@Z)
C:\NatNetSDK\Samples\\bin\SimpleServer.exe : fatal error LNK1120: 3 unresolved externals
